[20210112-130015:382809][25779]Error in epoll_wait: Invalid argument
[20210112-175450:721383][25023]       ESP Conns: 5
[20210112-175450:721447][25023]     CompressReq: #0:0, Alloc=0 B
[20210112-175450:721457][25023]        TokenReq: #0:0, Alloc=0 B
[20210112-175450:721462][25023]   SpeedTokenReq: #0:0, Alloc=0 B
[20210112-175450:721475][25023]    ESPMsgBufCtx: #123:128, Alloc=5.50 KB
[20210112-175450:721480][25023]     PReadReqCtx: #0:0, Alloc=0 B
[20210112-175450:721486][25023]     MetaReqPool: #32:32, Alloc=3.88 KB
[20210112-175450:721491][25023]     BlockPacket: #30:40, Alloc=6.72 KB
[20210112-175450:721495][25023]  BlockPacketReq: #9:10, Alloc=2.70 KB
[20210112-175450:721499][25023]    BlockMetaCtx: #10:10, Alloc=4.10 KB
[20210112-175450:721504][25023]   AppendRequest: #10:10, Alloc=1.29 KB
[20210112-175450:721508][25023]    CloseRequest: #9:10, Alloc=1.13 KB
[20210112-175450:721512][25023]    FlushRequest: #0:0, Alloc=0 B
[20210112-175450:721517][25023]RefreshFileRequest: #0:0, Alloc=0 B
[20210112-175450:721521][25023]     ReadRequest: #0:0, Alloc=0 B
[20210112-175450:721525][25023] ReadSeekRequest: #0:0, Alloc=0 B
[20210112-175450:721529][25023]   DeleteRequest: #0:0, Alloc=0 B
[20210112-175450:721534][25023]inode_cache_info_pool: #0:0, Alloc=0 B
[20210112-175450:721540][25023]        talk_req: #1019:1024, Alloc=156.00 KB
[20210112-175450:721545][25023]     message_ctx: #1019:1024, Alloc=124.00 KB
[20210112-175450:721550][25023]       BufHandle: #1019:1024, Alloc=36.00 KB
[20210112-175450:721555][25023]      TranBuffer: #65531:65536:131072 (100.0%), Max=1.00 GB
[20210112-175450:721562][25023]         MsgPool: #1019:1024, Alloc=128.00 KB
[20210112-175450:721566][25023]        CodecReq: #0:0, Alloc=0 B
[20210112-175450:721572][25023]           Total: Free=512.41 MB, Alloc=524757 KB (512.46 MB)
[20210112-175450:721577][25023]Exec total 18990 jobs
[20210112-175450:721581][25023]Exec #0(25023) queue: 3:3523 jobs, working
[20210112-175450:721586][25023]Exec #1(25024) queue: 0:607 jobs
[20210112-175450:721590][25023]Exec #2(25025) queue: 0:1260 jobs
[20210112-175450:721594][25023]Exec #3(25026) queue: 0:1374 jobs
[20210112-175450:721598][25023]Exec #4(25027) queue: 0:4 jobs
[20210112-175450:721601][25023]Exec #5(25028) queue: 0:6698 jobs
[20210112-175450:721605][25023]Exec #6(25029) queue: 0:2 jobs
[20210112-175450:721609][25023]Exec #7(25030) queue: 0:0 jobs
[20210112-175450:721613][25023]Exec #8(25031) queue: 0:0 jobs
[20210112-175450:721618][25023]Exec #9(25032) queue: 0:12 jobs
[20210112-175450:721622][25023]Exec #10(25033) queue: 0:5479 jobs
[20210112-175450:721626][25023]Exec #11(25034) queue: 0:9 jobs
[20210112-175450:721630][25023]Exec #12(25035) queue: 0:22 jobs
[[20210112-213342:897667][3746]Error in epoll_wait: Invalid argument
[20210114-090405:471148][28124]Error in epoll_wait: Invalid argument
[20210114-111509:098721][13671]Error in epoll_wait: Invalid argument
[20210114-111628:029789][22424]Error in epoll_wait: Invalid argument
[20210114-160929:563350][1342]Error in epoll_wait: Invalid argument
[20210114-183149:926972][8028]Error in epoll_wait: Invalid argument
[20210116-111749:530448][28602]Error in epoll_wait: Invalid argument
[20210116-111749:530715][28604]Error in epoll_wait: Invalid argument
[20210116-111749:530731][28603]Error in epoll_wait: Invalid argument
[20210116-111749:537709][28601]Error in epoll_wait: Invalid argument
[20210116-111838:231579][4301]Error in epoll_wait: Invalid argument
[20210118-093755:962118][19853]Error in epoll_wait: Invalid argument
